<?xml version="1.0" encoding="UTF-8"?>
<testng-results skipped="0" failed="0" total="1" passed="1">
  <reporter-output>
  </reporter-output>
  <suite name="Default suite" duration-ms="143" started-at="2019-10-02T05:16:37Z" finished-at="2019-10-02T05:16:37Z">
    <groups>
    </groups>
    <test name="Default test" duration-ms="143" started-at="2019-10-02T05:16:37Z" finished-at="2019-10-02T05:16:37Z">
      <class name="testcases.TestTry">
        <test-method status="PASS" signature="print()[pri:0, instance:testcases.TestTry@120ebad]" name="print" duration-ms="50" started-at="2019-10-02T10:46:37Z" finished-at="2019-10-02T10:46:37Z">
          <reporter-output>
          </reporter-output>
        </test-method> <!-- print -->
      </class> <!-- testcases.TestTry -->
    </test> <!-- Default test -->
  </suite> <!-- Default suite -->
</testng-results>
