<?xml version="1.0" encoding="UTF-8"?>
<testng-results skipped="0" failed="0" total="1" passed="1">
  <reporter-output>
  </reporter-output>
  <suite name="Default suite" duration-ms="26652" started-at="2019-10-11T14:17:30Z" finished-at="2019-10-11T14:17:57Z">
    <groups>
    </groups>
    <test name="Default test" duration-ms="26652" started-at="2019-10-11T14:17:30Z" finished-at="2019-10-11T14:17:57Z">
      <class name="org.maven.project.MultiSelect">
        <test-method status="PASS" signature="multiSelect()[pri:0, instance:org.maven.project.MultiSelect@3884b2]" name="multiSelect" duration-ms="26593" started-at="2019-10-11T19:47:30Z" finished-at="2019-10-11T19:47:57Z">
          <reporter-output>
          </reporter-output>
        </test-method> <!-- multiSelect -->
      </class> <!-- org.maven.project.MultiSelect -->
    </test> <!-- Default test -->
  </suite> <!-- Default suite -->
</testng-results>
